\BOOKMARK [1][-]{section*.1}{Introduction}{}% 1
\BOOKMARK [1][-]{section*.2}{About\040GPA}{}% 2
\BOOKMARK [2][-]{subsection.2.1}{GPA到底有多重要？}{section*.2}% 3
\BOOKMARK [2][-]{subsection.2.2}{如何提高GPA}{section*.2}% 4
\BOOKMARK [2][-]{subsection.2.3}{课业方面如何自学？}{section*.2}% 5
\BOOKMARK [1][-]{section*.3}{About\040Research\040and\040Paper}{}% 6
\BOOKMARK [2][-]{subsection.3.1}{科研方面如何自学？}{section*.3}% 7
\BOOKMARK [2][-]{subsection.3.2}{publication的历程以及其在申请有怎样的影响}{section*.3}% 8
\BOOKMARK [2][-]{subsection.3.3}{如何读paper？}{section*.3}% 9
\BOOKMARK [2][-]{subsection.3.4}{在申请时候不同情况的paper申请效力上差多少？}{section*.3}% 10
\BOOKMARK [1][-]{section*.4}{About\040Lab}{}% 11
\BOOKMARK [2][-]{subsection.4.1}{在实验室需要参与哪些工作？码代码在宿舍码不是也行吗？}{section*.4}% 12
\BOOKMARK [2][-]{subsection.4.2}{介绍下自己曾经待的实验室和自己的导师吧}{section*.4}% 13
\BOOKMARK [1][-]{section*.5}{About\040Internship}{}% 14
\BOOKMARK [2][-]{subsection.5.1}{如何更好的利用实习机会?}{section*.5}% 15
\BOOKMARK [2][-]{subsection.5.2}{实习和实验室的区别是什么？}{section*.5}% 16
\BOOKMARK [2][-]{subsection.5.3}{实习时如何抱大腿and勾搭老板？}{section*.5}% 17
\BOOKMARK [2][-]{subsection.5.4}{国外教授与中国教授有什么不同}{section*.5}% 18
\BOOKMARK [2][-]{subsection.5.5}{推荐到什么地方实习？如何去联系实习的老师呢？}{section*.5}% 19
\BOOKMARK [1][-]{section*.6}{About\040English}{}% 20
\BOOKMARK [2][-]{subsection.6.1}{需要参加托福和雅思和GRE的培训班吗？效果如何？}{section*.6}% 21
\BOOKMARK [2][-]{subsection.6.2}{ 什么时候报名考试比较合理？分配多长时间准备考试呢？}{section*.6}% 22
\BOOKMARK [2][-]{subsection.6.3}{托福和GRE到底会不会卡分呢？}{section*.6}% 23
\BOOKMARK [1][-]{section*.7}{About\040Application}{}% 24
\BOOKMARK [2][-]{subsection.7.1}{如何防止和战胜申请拖延症？如何合理安排时间呢？}{section*.7}% 25
\BOOKMARK [2][-]{subsection.7.2}{ 申请学校是不是越多越好？}{section*.7}% 26
\BOOKMARK [2][-]{subsection.7.3}{申请时候要套磁么？}{section*.7}% 27
\BOOKMARK [2][-]{subsection.7.4}{对于不是我Major的导师，怎样让他知道我们牛}{section*.7}% 28
\BOOKMARK [2][-]{subsection.7.5}{同一个班内的申请听说存在竞争关系，这是否属实？ }{section*.7}% 29
\BOOKMARK [2][-]{subsection.7.6}{如何获取推荐信？}{section*.7}% 30
\BOOKMARK [2][-]{subsection.7.7}{申请美帝以外的学校有什么经验和建议吗？}{section*.7}% 31
\BOOKMARK [1][-]{section*.8}{About\040Life}{}% 32
\BOOKMARK [2][-]{subsection.8.1}{有必要一定要在学习之外找到一件喜欢并且坚持做的事情吗}{section*.8}% 33
\BOOKMARK [1][-]{section*.9}{经验分享}{}% 34
\BOOKMARK [2][-]{subsection.9.1}{vividblue12 谢其哲}{section*.9}% 35
\BOOKMARK [2][-]{subsection.9.2}{vividblue12 陈皓}{section*.9}% 36
\BOOKMARK [2][-]{subsection.9.3}{vividblue12 赵卓越}{section*.9}% 37
\BOOKMARK [2][-]{subsection.9.4}{vividblue12 彭燕庆}{section*.9}% 38
