mktextfm MicrosoftYaHei
mktextfm MicrosoftYaHei
mktextfm MicrosoftYaHei
mktextfm STHeiti
mktextfm STKaiti
mktextfm STHeiti
mktextfm STHeiti/I
mktextfm MicrosoftYaHei/ICU
mktextfm MicrosoftYaHei/ICU
mktextfm MicrosoftYaHei/ICU
mktextfm STHeiti/ICU
mktextfm STKaiti/ICU
mktextfm STHeiti/ICU
mktextfm STHeiti/I/ICU
mktextfm MicrosoftYaHei
mktextfm MicrosoftYaHei
mktextfm MicrosoftYaHei
mktextfm STHeiti
mktextfm STKaiti
mktextfm STHeiti
mktextfm STHeiti/I
mktextfm MicrosoftYaHei/ICU
mktextfm MicrosoftYaHei/ICU
mktextfm MicrosoftYaHei/ICU
mktextfm STHeiti/ICU
mktextfm STKaiti/ICU
mktextfm STHeiti/ICU
mktextfm STHeiti/I/ICU
mktextfm MicrosoftYaHei
mktextfm MicrosoftYaHei
mktextfm MicrosoftYaHei
mktextfm STHeiti
mktextfm STKaiti
mktextfm STHeiti
mktextfm STHeiti/I
mktextfm MicrosoftYaHei/ICU
mktextfm MicrosoftYaHei/ICU
mktextfm MicrosoftYaHei/ICU
mktextfm STHeiti/ICU
mktextfm STKaiti/ICU
mktextfm STHeiti/ICU
mktextfm STHeiti/I/ICU
